2015/02/12 11:22:54 [error] [exception.CException] exception 'CException' with message 'CAssetManager.basePath "/var/www/kitchen.kandagar/public_html/assets" is invalid. Please make sure the directory exists and is writable by the Web server process.' in /var/www/kitchen.kandagar/public_html/framework/web/CAssetManager.php:138
Stack trace:
#0 /var/www/kitchen.kandagar/public_html/framework/web/CAssetManager.php(123): CAssetManager->setBasePath('/var/www/kitche...')
#1 /var/www/kitchen.kandagar/public_html/framework/web/CAssetManager.php(217): CAssetManager->getBasePath()
#2 /var/www/kitchen.kandagar/public_html/framework/web/CClientScript.php(511): CAssetManager->publish('/var/www/kitche...')
#3 /var/www/kitchen.kandagar/public_html/framework/web/CClientScript.php(548): CClientScript->getCoreScriptUrl()
#4 /var/www/kitchen.kandagar/public_html/framework/web/CClientScript.php(349): CClientScript->getPackageBaseUrl('jquery')
#5 /var/www/kitchen.kandagar/public_html/framework/web/CClientScript.php(208): CClientScript->renderCoreScripts()
#6 /var/www/kitchen.kandagar/public_html/framework/web/CController.php(351): CClientScript->render('<!DOCTYPE html>...')
#7 /var/www/kitchen.kandagar/public_html/framework/web/CController.php(788): CController->processOutput('<!DOCTYPE html>...')
#8 /var/www/kitchen.kandagar/public_html/protected/controllers/SiteController.php(72): CController->render('contact', Array)
#9 /var/www/kitchen.kandagar/public_html/framework/web/actions/CInlineAction.php(49): SiteController->actionContact()
#10 /var/www/kitchen.kandagar/public_html/framework/web/CController.php(308): CInlineAction->runWithParams(Array)
#11 /var/www/kitchen.kandagar/public_html/framework/web/CController.php(286): CController->runAction(Object(CInlineAction))
#12 /var/www/kitchen.kandagar/public_html/framework/web/CController.php(265): CController->runActionWithFilters(Object(CInlineAction), Array)
#13 /var/www/kitchen.kandagar/public_html/framework/web/CWebApplication.php(282): CController->run('contact')
#14 /var/www/kitchen.kandagar/public_html/framework/web/CWebApplication.php(141): CWebApplication->runController('site/contact')
#15 /var/www/kitchen.kandagar/public_html/framework/base/CApplication.php(184): CWebApplication->processRequest()
#16 /var/www/kitchen.kandagar/public_html/index.php(13): CApplication->run()
#17 {main}
REQUEST_URI=/index.php/site/contact
HTTP_REFERER=http://kitchen.kandagar/index.php/site/page?view=about
---
